<?xml version="1.0" encoding="UTF-8"?>
<!-- Generated by org.testng.reporters.JUnitXMLReporter -->
<testsuite ignored="0" hostname="AKHILA" failures="0" tests="3" name="Test" time="0.106" errors="0" timestamp="2026-02-26T15:48:31 IST">
  <testcase classname="githubpracticse.GitHubTest" name="githubPracticeTest" time="0.015"/>
  <testcase classname="mavenpracticse.MavenPraticseTest" name="mavenpracticeTest" time="0.003"/>
  <testcase classname="jenkinspracticse.JenkinsPracticseTest" name="jenkinsPractiseTest" time="0.003"/>
</testsuite> <!-- Test -->
