<?xml version="1.0" encoding="UTF-8"?>
<testng-results ignored="0" total="3" passed="3" failed="0" skipped="0">
  <reporter-output>
  </reporter-output>
  <suite started-at="2026-02-26T15:48:31 IST" name="Suite" finished-at="2026-02-26T15:48:31 IST" duration-ms="106">
    <groups>
    </groups>
    <test started-at="2026-02-26T15:48:31 IST" name="Test" finished-at="2026-02-26T15:48:31 IST" duration-ms="106">
      <class name="mavenpracticse.MavenPraticseTest">
        <test-method signature="mavenpracticeTest()[pri:0, instance:mavenpracticse.MavenPraticseTest@49e53c76]" started-at="2026-02-26T15:48:31 IST" name="mavenpracticeTest" finished-at="2026-02-26T15:48:31 IST" duration-ms="3" status="PASS">
          <reporter-output>
          </reporter-output>
        </test-method> <!-- mavenpracticeTest -->
      </class> <!-- mavenpracticse.MavenPraticseTest -->
      <class name="githubpracticse.GitHubTest">
        <test-method signature="githubPracticeTest()[pri:0, instance:githubpracticse.GitHubTest@1283bb96]" started-at="2026-02-26T15:48:31 IST" name="githubPracticeTest" finished-at="2026-02-26T15:48:31 IST" duration-ms="15" status="PASS">
          <reporter-output>
          </reporter-output>
        </test-method> <!-- githubPracticeTest -->
      </class> <!-- githubpracticse.GitHubTest -->
      <class name="jenkinspracticse.JenkinsPracticseTest">
        <test-method signature="jenkinsPractiseTest()[pri:0, instance:jenkinspracticse.JenkinsPracticseTest@351d00c0]" started-at="2026-02-26T15:48:31 IST" name="jenkinsPractiseTest" finished-at="2026-02-26T15:48:31 IST" duration-ms="3" status="PASS">
          <reporter-output>
          </reporter-output>
        </test-method> <!-- jenkinsPractiseTest -->
      </class> <!-- jenkinspracticse.JenkinsPracticseTest -->
    </test> <!-- Test -->
  </suite> <!-- Suite -->
</testng-results>
